Path calc log start
Start cell: 70447 (x=77, y=227)
Iteration 0: cell 70447 (x=77.000,y=227.000), cost=2500.461, dx=0.000, dy=0.000
Iteration 0: potarr window around cell (77,227):
10000000000.0 10000000000.0 10000000000.0 10000000000.0 10000000000.0     2687.9     2637.9     2587.9     2537.9     2487.9     2437.9 
10000000000.0 10000000000.0 10000000000.0 10000000000.0     2528.3     2478.3     2428.3     2378.3     2328.3     2278.3     2228.3 
10000000000.0 10000000000.0 10000000000.0 10000000000.0 10000000000.0     2481.6     2431.6     2381.7     2331.8     2281.8     2231.9 
10000000000.0 10000000000.0 10000000000.0     2586.1     2536.1     2486.1     2436.3     2386.5     2336.8     2287.0     2237.3 
10000000000.0 10000000000.0 10000000000.0 10000000000.0     2541.9     2492.3     2442.8     2393.3     2343.8     2294.4     2245.0 
10000000000.0 10000000000.0 10000000000.0 10000000000.0 10000000000.0     2500.5     2451.2     2402.0     2352.9     2303.9     2254.9 
10000000000.0 10000000000.0 10000000000.0 10000000000.0 10000000000.0 10000000000.0     2461.7     2412.9     2364.2     2315.6     2267.1 
10000000000.0 10000000000.0 10000000000.0 10000000000.0 10000000000.0 10000000000.0 10000000000.0     2425.7     2377.5     2329.4     2281.4 
10000000000.0 10000000000.0 10000000000.0 10000000000.0 10000000000.0 10000000000.0 10000000000.0 10000000000.0     2392.7     2345.2     2297.8 
10000000000.0 10000000000.0 10000000000.0 10000000000.0 10000000000.0 10000000000.0 10000000000.0 10000000000.0 10000000000.0     2362.9     2316.1 
10000000000.0 10000000000.0 10000000000.0 10000000000.0 10000000000.0 10000000000.0 10000000000.0 10000000000.0 10000000000.0 10000000000.0     2336.3 

Iteration 0: Selected grid neighbor: cell 70138, cost=2442.8
Iteration 1: cell 70138 (x=78.000,y=226.000), cost=2442.777, dx=0.000, dy=0.000
Iteration 1: potarr window around cell (78,226):
10000000000.0 10000000000.0 10000000000.0 10000000000.0 10000000000.0 10000000000.0 10000000000.0 10000000000.0 10000000000.0 10000000000.0 10000000000.0 
10000000000.0 10000000000.0 10000000000.0 10000000000.0     2687.9     2637.9     2587.9     2537.9     2487.9     2437.9     2387.9 
10000000000.0 10000000000.0 10000000000.0     2528.3     2478.3     2428.3     2378.3     2328.3     2278.3     2228.3     2178.3 
10000000000.0 10000000000.0 10000000000.0 10000000000.0     2481.6     2431.6     2381.7     2331.8     2281.8     2231.9     2182.0 
10000000000.0 10000000000.0     2586.1     2536.1     2486.1     2436.3     2386.5     2336.8     2287.0     2237.3     2187.7 
10000000000.0 10000000000.0 10000000000.0     2541.9     2492.3     2442.8     2393.3     2343.8     2294.4     2245.0     2195.6 
10000000000.0 10000000000.0 10000000000.0 10000000000.0     2500.5     2451.2     2402.0     2352.9     2303.9     2254.9     2206.0 
10000000000.0 10000000000.0 10000000000.0 10000000000.0 10000000000.0     2461.7     2412.9     2364.2     2315.6     2267.1     2218.7 
10000000000.0 10000000000.0 10000000000.0 10000000000.0 10000000000.0 10000000000.0     2425.7     2377.5     2329.4     2281.4     2233.6 
10000000000.0 10000000000.0 10000000000.0 10000000000.0 10000000000.0 10000000000.0 10000000000.0     2392.7     2345.2     2297.8     2250.7 
10000000000.0 10000000000.0 10000000000.0 10000000000.0 10000000000.0 10000000000.0 10000000000.0 10000000000.0     2362.9     2316.1     2269.6 

Iteration 1: Selected grid neighbor: cell 69829, cost=2386.5
Iteration 2: cell 69829 (x=79.000,y=225.000), cost=2386.532, dx=0.000, dy=0.000
Iteration 2: potarr window around cell (79,225):
10000000000.0 10000000000.0 10000000000.0 10000000000.0 10000000000.0 10000000000.0 10000000000.0 10000000000.0 10000000000.0 10000000000.0 10000000000.0 
10000000000.0 10000000000.0 10000000000.0 10000000000.0 10000000000.0 10000000000.0 10000000000.0 10000000000.0 10000000000.0 10000000000.0 10000000000.0 
10000000000.0 10000000000.0 10000000000.0     2687.9     2637.9     2587.9     2537.9     2487.9     2437.9     2387.9     2337.9 
10000000000.0 10000000000.0     2528.3     2478.3     2428.3     2378.3     2328.3     2278.3     2228.3     2178.3     2128.3 
10000000000.0 10000000000.0 10000000000.0     2481.6     2431.6     2381.7     2331.8     2281.8     2231.9     2182.0     2132.1 
10000000000.0     2586.1     2536.1     2486.1     2436.3     2386.5     2336.8     2287.0     2237.3     2187.7     2138.0 
10000000000.0 10000000000.0     2541.9     2492.3     2442.8     2393.3     2343.8     2294.4     2245.0     2195.6     2146.4 
10000000000.0 10000000000.0 10000000000.0     2500.5     2451.2     2402.0     2352.9     2303.9     2254.9     2206.0     2157.2 
10000000000.0 10000000000.0 10000000000.0 10000000000.0     2461.7     2412.9     2364.2     2315.6     2267.1     2218.7     2170.5 
10000000000.0 10000000000.0 10000000000.0 10000000000.0 10000000000.0     2425.7     2377.5     2329.4     2281.4     2233.6     2186.0 
10000000000.0 10000000000.0 10000000000.0 10000000000.0 10000000000.0 10000000000.0     2392.7     2345.2     2297.8     2250.7     2203.7 

Iteration 2: Selected grid neighbor: cell 69520, cost=2331.8
Iteration 3: cell 69520 (x=80.000,y=224.000), cost=2331.768, dx=0.000, dy=0.000
Iteration 3: potarr window around cell (80,224):
10000000000.0 10000000000.0 10000000000.0 10000000000.0 10000000000.0 10000000000.0 10000000000.0 10000000000.0 10000000000.0 10000000000.0 10000000000.0 
10000000000.0 10000000000.0 10000000000.0 10000000000.0 10000000000.0 10000000000.0 10000000000.0 10000000000.0 10000000000.0 10000000000.0 10000000000.0 
10000000000.0 10000000000.0 10000000000.0 10000000000.0 10000000000.0 10000000000.0 10000000000.0 10000000000.0 10000000000.0 10000000000.0 10000000000.0 
10000000000.0 10000000000.0     2687.9     2637.9     2587.9     2537.9     2487.9     2437.9     2387.9     2337.9     2287.9 
10000000000.0     2528.3     2478.3     2428.3     2378.3     2328.3     2278.3     2228.3     2178.3     2128.3     2078.3 
10000000000.0 10000000000.0     2481.6     2431.6     2381.7     2331.8     2281.8     2231.9     2182.0     2132.1     2082.3 
    2586.1     2536.1     2486.1     2436.3     2386.5     2336.8     2287.0     2237.3     2187.7     2138.0     2088.4 
10000000000.0     2541.9     2492.3     2442.8     2393.3     2343.8     2294.4     2245.0     2195.6     2146.4     2097.2 
10000000000.0 10000000000.0     2500.5     2451.2     2402.0     2352.9     2303.9     2254.9     2206.0     2157.2     2108.5 
10000000000.0 10000000000.0 10000000000.0     2461.7     2412.9     2364.2     2315.6     2267.1     2218.7     2170.5     2122.3 
10000000000.0 10000000000.0 10000000000.0 10000000000.0     2425.7     2377.5     2329.4     2281.4     2233.6     2186.0     2138.5 

Iteration 3: Selected grid neighbor: cell 69211, cost=2278.3
Iteration 4: cell 69211 (x=81.000,y=223.000), cost=2278.300, dx=0.000, dy=0.000
Iteration 4: potarr window around cell (81,223):
10000000000.0 10000000000.0 10000000000.0 10000000000.0 10000000000.0 10000000000.0 10000000000.0 10000000000.0 10000000000.0 10000000000.0 10000000000.0 
10000000000.0 10000000000.0 10000000000.0 10000000000.0 10000000000.0 10000000000.0 10000000000.0 10000000000.0 10000000000.0 10000000000.0 10000000000.0 
10000000000.0 10000000000.0 10000000000.0 10000000000.0 10000000000.0 10000000000.0 10000000000.0 10000000000.0 10000000000.0 10000000000.0 10000000000.0 
10000000000.0 10000000000.0 10000000000.0 10000000000.0 10000000000.0 10000000000.0 10000000000.0 10000000000.0 10000000000.0 10000000000.0 10000000000.0 
10000000000.0     2687.9     2637.9     2587.9     2537.9     2487.9     2437.9     2387.9     2337.9     2287.9     2237.9 
    2528.3     2478.3     2428.3     2378.3     2328.3     2278.3     2228.3     2178.3     2128.3     2078.3     2028.3 
10000000000.0     2481.6     2431.6     2381.7     2331.8     2281.8     2231.9     2182.0     2132.1     2082.3     2032.4 
    2536.1     2486.1     2436.3     2386.5     2336.8     2287.0     2237.3     2187.7     2138.0     2088.4     2038.9 
    2541.9     2492.3     2442.8     2393.3     2343.8     2294.4     2245.0     2195.6     2146.4     2097.2     2048.0 
10000000000.0     2500.5     2451.2     2402.0     2352.9     2303.9     2254.9     2206.0     2157.2     2108.5     2059.9 
10000000000.0 10000000000.0     2461.7     2412.9     2364.2     2315.6     2267.1     2218.7     2170.5     2122.3     2074.4 

Iteration 4: Selected grid neighbor: cell 69212, cost=2228.3
Iteration 5: cell 69212 (x=82.000,y=223.000), cost=2228.300, dx=0.000, dy=0.000
Iteration 5: potarr window around cell (82,223):
10000000000.0 10000000000.0 10000000000.0 10000000000.0 10000000000.0 10000000000.0 10000000000.0 10000000000.0 10000000000.0 10000000000.0 10000000000.0 
10000000000.0 10000000000.0 10000000000.0 10000000000.0 10000000000.0 10000000000.0 10000000000.0 10000000000.0 10000000000.0 10000000000.0 10000000000.0 
10000000000.0 10000000000.0 10000000000.0 10000000000.0 10000000000.0 10000000000.0 10000000000.0 10000000000.0 10000000000.0 10000000000.0 10000000000.0 
10000000000.0 10000000000.0 10000000000.0 10000000000.0 10000000000.0 10000000000.0 10000000000.0 10000000000.0 10000000000.0 10000000000.0 10000000000.0 
    2687.9     2637.9     2587.9     2537.9     2487.9     2437.9     2387.9     2337.9     2287.9     2237.9     2187.9 
    2478.3     2428.3     2378.3     2328.3     2278.3     2228.3     2178.3     2128.3     2078.3     2028.3     1978.3 
    2481.6     2431.6     2381.7     2331.8     2281.8     2231.9     2182.0     2132.1     2082.3     2032.4     1982.5 
    2486.1     2436.3     2386.5     2336.8     2287.0     2237.3     2187.7     2138.0     2088.4     2038.9     1989.3 
    2492.3     2442.8     2393.3     2343.8     2294.4     2245.0     2195.6     2146.4     2097.2     2048.0     1999.0 
    2500.5     2451.2     2402.0     2352.9     2303.9     2254.9     2206.0     2157.2     2108.5     2059.9     2011.5 
10000000000.0     2461.7     2412.9     2364.2     2315.6     2267.1     2218.7     2170.5     2122.3     2074.4     2026.6 

Iteration 5: Selected grid neighbor: cell 69213, cost=2178.3
Iteration 6: cell 69213 (x=83.000,y=223.000), cost=2178.300, dx=0.000, dy=0.000
Iteration 6: potarr window around cell (83,223):
10000000000.0 10000000000.0 10000000000.0 10000000000.0 10000000000.0 10000000000.0 10000000000.0 10000000000.0 10000000000.0 10000000000.0 10000000000.0 
10000000000.0 10000000000.0 10000000000.0 10000000000.0 10000000000.0 10000000000.0 10000000000.0 10000000000.0 10000000000.0 10000000000.0 10000000000.0 
10000000000.0 10000000000.0 10000000000.0 10000000000.0 10000000000.0 10000000000.0 10000000000.0 10000000000.0 10000000000.0 10000000000.0 10000000000.0 
10000000000.0 10000000000.0 10000000000.0 10000000000.0 10000000000.0 10000000000.0 10000000000.0 10000000000.0 10000000000.0 10000000000.0 10000000000.0 
    2637.9     2587.9     2537.9     2487.9     2437.9     2387.9     2337.9     2287.9     2237.9     2187.9     2137.9 
    2428.3     2378.3     2328.3     2278.3     2228.3     2178.3     2128.3     2078.3     2028.3     1978.3     1928.3 
    2431.6     2381.7     2331.8     2281.8     2231.9     2182.0     2132.1     2082.3     2032.4     1982.5     1932.7 
    2436.3     2386.5     2336.8     2287.0     2237.3     2187.7     2138.0     2088.4     2038.9     1989.3     1939.9 
    2442.8     2393.3     2343.8     2294.4     2245.0     2195.6     2146.4     2097.2     2048.0     1999.0     1950.1 
    2451.2     2402.0     2352.9     2303.9     2254.9     2206.0     2157.2     2108.5     2059.9     2011.5     1963.2 
    2461.7     2412.9     2364.2     2315.6     2267.1     2218.7     2170.5     2122.3     2074.4     2026.6     1979.1 

Iteration 6: Selected grid neighbor: cell 69214, cost=2128.3
Iteration 7: cell 69214 (x=84.000,y=223.000), cost=2128.300, dx=0.000, dy=0.000
Iteration 7: potarr window around cell (84,223):
10000000000.0 10000000000.0 10000000000.0 10000000000.0 10000000000.0 10000000000.0 10000000000.0 10000000000.0 10000000000.0 10000000000.0 10000000000.0 
10000000000.0 10000000000.0 10000000000.0 10000000000.0 10000000000.0 10000000000.0 10000000000.0 10000000000.0 10000000000.0 10000000000.0 10000000000.0 
10000000000.0 10000000000.0 10000000000.0 10000000000.0 10000000000.0 10000000000.0 10000000000.0 10000000000.0 10000000000.0 10000000000.0 10000000000.0 
10000000000.0 10000000000.0 10000000000.0 10000000000.0 10000000000.0 10000000000.0 10000000000.0 10000000000.0 10000000000.0 10000000000.0 10000000000.0 
    2587.9     2537.9     2487.9     2437.9     2387.9     2337.9     2287.9     2237.9     2187.9     2137.9     2087.9 
    2378.3     2328.3     2278.3     2228.3     2178.3     2128.3     2078.3     2028.3     1978.3     1928.3     1878.3 
    2381.7     2331.8     2281.8     2231.9     2182.0     2132.1     2082.3     2032.4     1982.5     1932.7     1882.9 
    2386.5     2336.8     2287.0     2237.3     2187.7     2138.0     2088.4     2038.9     1989.3     1939.9     1890.5 
    2393.3     2343.8     2294.4     2245.0     2195.6     2146.4     2097.2     2048.0     1999.0     1950.1     1901.2 
    2402.0     2352.9     2303.9     2254.9     2206.0     2157.2     2108.5     2059.9     2011.5     1963.2     1915.0 
    2412.9     2364.2     2315.6     2267.1     2218.7     2170.5     2122.3     2074.4     2026.6     1979.1     1931.7 

Iteration 7: Selected grid neighbor: cell 69215, cost=2078.3
Iteration 8: cell 69215 (x=85.000,y=223.000), cost=2078.300, dx=0.000, dy=0.000
Iteration 8: potarr window around cell (85,223):
10000000000.0 10000000000.0 10000000000.0 10000000000.0 10000000000.0 10000000000.0 10000000000.0 10000000000.0 10000000000.0 10000000000.0 10000000000.0 
10000000000.0 10000000000.0 10000000000.0 10000000000.0 10000000000.0 10000000000.0 10000000000.0 10000000000.0 10000000000.0 10000000000.0 10000000000.0 
10000000000.0 10000000000.0 10000000000.0 10000000000.0 10000000000.0 10000000000.0 10000000000.0 10000000000.0 10000000000.0 10000000000.0 10000000000.0 
10000000000.0 10000000000.0 10000000000.0 10000000000.0 10000000000.0 10000000000.0 10000000000.0 10000000000.0 10000000000.0 10000000000.0 10000000000.0 
    2537.9     2487.9     2437.9     2387.9     2337.9     2287.9     2237.9     2187.9     2137.9     2087.9     2037.9 
    2328.3     2278.3     2228.3     2178.3     2128.3     2078.3     2028.3     1978.3     1928.3     1878.3     1828.3 
    2331.8     2281.8     2231.9     2182.0     2132.1     2082.3     2032.4     1982.5     1932.7     1882.9     1833.1 
    2336.8     2287.0     2237.3     2187.7     2138.0     2088.4     2038.9     1989.3     1939.9     1890.5     1841.1 
    2343.8     2294.4     2245.0     2195.6     2146.4     2097.2     2048.0     1999.0     1950.1     1901.2     1852.5 
    2352.9     2303.9     2254.9     2206.0     2157.2     2108.5     2059.9     2011.5     1963.2     1915.0     1867.1 
    2364.2     2315.6     2267.1     2218.7     2170.5     2122.3     2074.4     2026.6     1979.1     1931.7     1884.7 

Iteration 8: Selected grid neighbor: cell 69216, cost=2028.3
Iteration 9: cell 69216 (x=86.000,y=223.000), cost=2028.300, dx=0.000, dy=0.000
Iteration 9: potarr window around cell (86,223):
10000000000.0 10000000000.0 10000000000.0 10000000000.0 10000000000.0 10000000000.0 10000000000.0 10000000000.0 10000000000.0 10000000000.0 10000000000.0 
10000000000.0 10000000000.0 10000000000.0 10000000000.0 10000000000.0 10000000000.0 10000000000.0 10000000000.0 10000000000.0 10000000000.0 10000000000.0 
10000000000.0 10000000000.0 10000000000.0 10000000000.0 10000000000.0 10000000000.0 10000000000.0 10000000000.0 10000000000.0 10000000000.0 10000000000.0 
10000000000.0 10000000000.0 10000000000.0 10000000000.0 10000000000.0 10000000000.0 10000000000.0 10000000000.0 10000000000.0 10000000000.0 10000000000.0 
    2487.9     2437.9     2387.9     2337.9     2287.9     2237.9     2187.9     2137.9     2087.9     2037.9     1987.9 
    2278.3     2228.3     2178.3     2128.3     2078.3     2028.3     1978.3     1928.3     1878.3     1828.3     1778.3 
    2281.8     2231.9     2182.0     2132.1     2082.3     2032.4     1982.5     1932.7     1882.9     1833.1     1783.4 
    2287.0     2237.3     2187.7     2138.0     2088.4     2038.9     1989.3     1939.9     1890.5     1841.1     1791.9 
    2294.4     2245.0     2195.6     2146.4     2097.2     2048.0     1999.0     1950.1     1901.2     1852.5     1803.9 
    2303.9     2254.9     2206.0     2157.2     2108.5     2059.9     2011.5     1963.2     1915.0     1867.1     1819.3 
    2315.6     2267.1     2218.7     2170.5     2122.3     2074.4     2026.6     1979.1     1931.7     1884.7     1837.9 

Iteration 9: Selected grid neighbor: cell 69217, cost=1978.3
Iteration 10: cell 69217 (x=87.000,y=223.000), cost=1978.300, dx=0.000, dy=0.000
Iteration 10: potarr window around cell (87,223):
10000000000.0 10000000000.0 10000000000.0 10000000000.0 10000000000.0 10000000000.0 10000000000.0 10000000000.0 10000000000.0 10000000000.0 10000000000.0 
10000000000.0 10000000000.0 10000000000.0 10000000000.0 10000000000.0 10000000000.0 10000000000.0 10000000000.0 10000000000.0 10000000000.0 10000000000.0 
10000000000.0 10000000000.0 10000000000.0 10000000000.0 10000000000.0 10000000000.0 10000000000.0 10000000000.0 10000000000.0 10000000000.0 10000000000.0 
10000000000.0 10000000000.0 10000000000.0 10000000000.0 10000000000.0 10000000000.0 10000000000.0 10000000000.0 10000000000.0 10000000000.0 10000000000.0 
    2437.9     2387.9     2337.9     2287.9     2237.9     2187.9     2137.9     2087.9     2037.9     1987.9     1937.9 
    2228.3     2178.3     2128.3     2078.3     2028.3     1978.3     1928.3     1878.3     1828.3     1778.3     1728.3 
    2231.9     2182.0     2132.1     2082.3     2032.4     1982.5     1932.7     1882.9     1833.1     1783.4     1733.7 
    2237.3     2187.7     2138.0     2088.4     2038.9     1989.3     1939.9     1890.5     1841.1     1791.9     1742.7 
    2245.0     2195.6     2146.4     2097.2     2048.0     1999.0     1950.1     1901.2     1852.5     1803.9     1755.5 
    2254.9     2206.0     2157.2     2108.5     2059.9     2011.5     1963.2     1915.0     1867.1     1819.3     1771.8 
    2267.1     2218.7     2170.5     2122.3     2074.4     2026.6     1979.1     1931.7     1884.7     1837.9     1791.5 

Iteration 10: Selected grid neighbor: cell 69218, cost=1928.3
Iteration 11: cell 69218 (x=88.000,y=223.000), cost=1928.300, dx=0.000, dy=0.000
Iteration 11: potarr window around cell (88,223):
10000000000.0 10000000000.0 10000000000.0 10000000000.0 10000000000.0 10000000000.0 10000000000.0 10000000000.0 10000000000.0 10000000000.0 10000000000.0 
10000000000.0 10000000000.0 10000000000.0 10000000000.0 10000000000.0 10000000000.0 10000000000.0 10000000000.0 10000000000.0 10000000000.0 10000000000.0 
10000000000.0 10000000000.0 10000000000.0 10000000000.0 10000000000.0 10000000000.0 10000000000.0 10000000000.0 10000000000.0 10000000000.0 10000000000.0 
10000000000.0 10000000000.0 10000000000.0 10000000000.0 10000000000.0 10000000000.0 10000000000.0 10000000000.0 10000000000.0 10000000000.0 10000000000.0 
    2387.9     2337.9     2287.9     2237.9     2187.9     2137.9     2087.9     2037.9     1987.9     1937.9     1887.9 
    2178.3     2128.3     2078.3     2028.3     1978.3     1928.3     1878.3     1828.3     1778.3     1728.3     1678.3 
    2182.0     2132.1     2082.3     2032.4     1982.5     1932.7     1882.9     1833.1     1783.4     1733.7     1684.0 
    2187.7     2138.0     2088.4     2038.9     1989.3     1939.9     1890.5     1841.1     1791.9     1742.7     1693.6 
    2195.6     2146.4     2097.2     2048.0     1999.0     1950.1     1901.2     1852.5     1803.9     1755.5     1707.3 
    2206.0     2157.2     2108.5     2059.9     2011.5     1963.2     1915.0     1867.1     1819.3     1771.8     1724.6 
    2218.7     2170.5     2122.3     2074.4     2026.6     1979.1     1931.7     1884.7     1837.9     1791.5     1745.5 

Iteration 11: Selected grid neighbor: cell 69219, cost=1878.3
Iteration 12: cell 69219 (x=89.000,y=223.000), cost=1878.300, dx=0.000, dy=0.000
Iteration 12: potarr window around cell (89,223):
10000000000.0 10000000000.0 10000000000.0 10000000000.0 10000000000.0 10000000000.0 10000000000.0 10000000000.0 10000000000.0 10000000000.0 10000000000.0 
10000000000.0 10000000000.0 10000000000.0 10000000000.0 10000000000.0 10000000000.0 10000000000.0 10000000000.0 10000000000.0 10000000000.0 10000000000.0 
10000000000.0 10000000000.0 10000000000.0 10000000000.0 10000000000.0 10000000000.0 10000000000.0 10000000000.0 10000000000.0 10000000000.0 10000000000.0 
10000000000.0 10000000000.0 10000000000.0 10000000000.0 10000000000.0 10000000000.0 10000000000.0 10000000000.0 10000000000.0 10000000000.0 10000000000.0 
    2337.9     2287.9     2237.9     2187.9     2137.9     2087.9     2037.9     1987.9     1937.9     1887.9     1837.9 
    2128.3     2078.3     2028.3     1978.3     1928.3     1878.3     1828.3     1778.3     1728.3     1678.3     1628.3 
    2132.1     2082.3     2032.4     1982.5     1932.7     1882.9     1833.1     1783.4     1733.7     1684.0     1634.3 
    2138.0     2088.4     2038.9     1989.3     1939.9     1890.5     1841.1     1791.9     1742.7     1693.6     1644.7 
    2146.4     2097.2     2048.0     1999.0     1950.1     1901.2     1852.5     1803.9     1755.5     1707.3     1659.3 
    2157.2     2108.5     2059.9     2011.5     1963.2     1915.0     1867.1     1819.3     1771.8     1724.6     1677.8 
    2170.5     2122.3     2074.4     2026.6     1979.1     1931.7     1884.7     1837.9     1791.5     1745.5     1700.0 

Iteration 12: Selected grid neighbor: cell 69220, cost=1828.3
Iteration 13: cell 69220 (x=90.000,y=223.000), cost=1828.300, dx=0.000, dy=0.000
Iteration 13: potarr window around cell (90,223):
10000000000.0 10000000000.0 10000000000.0 10000000000.0 10000000000.0 10000000000.0 10000000000.0 10000000000.0 10000000000.0 10000000000.0 10000000000.0 
10000000000.0 10000000000.0 10000000000.0 10000000000.0 10000000000.0 10000000000.0 10000000000.0 10000000000.0 10000000000.0 10000000000.0 10000000000.0 
10000000000.0 10000000000.0 10000000000.0 10000000000.0 10000000000.0 10000000000.0 10000000000.0 10000000000.0 10000000000.0 10000000000.0 10000000000.0 
10000000000.0 10000000000.0 10000000000.0 10000000000.0 10000000000.0 10000000000.0 10000000000.0 10000000000.0 10000000000.0 10000000000.0 10000000000.0 
    2287.9     2237.9     2187.9     2137.9     2087.9     2037.9     1987.9     1937.9     1887.9     1837.9     1787.9 
    2078.3     2028.3     1978.3     1928.3     1878.3     1828.3     1778.3     1728.3     1678.3     1628.3     1578.3 
    2082.3     2032.4     1982.5     1932.7     1882.9     1833.1     1783.4     1733.7     1684.0     1634.3     1584.8 
    2088.4     2038.9     1989.3     1939.9     1890.5     1841.1     1791.9     1742.7     1693.6     1644.7     1595.9 
    2097.2     2048.0     1999.0     1950.1     1901.2     1852.5     1803.9     1755.5     1707.3     1659.3     1611.6 
    2108.5     2059.9     2011.5     1963.2     1915.0     1867.1     1819.3     1771.8     1724.6     1677.8     1631.4 
    2122.3     2074.4     2026.6     1979.1     1931.7     1884.7     1837.9     1791.5     1745.5     1700.0     1655.1 

Iteration 13: Selected grid neighbor: cell 69221, cost=1778.3
Iteration 14: cell 69221 (x=91.000,y=223.000), cost=1778.300, dx=0.000, dy=0.000
Iteration 14: potarr window around cell (91,223):
10000000000.0 10000000000.0 10000000000.0 10000000000.0 10000000000.0 10000000000.0 10000000000.0 10000000000.0 10000000000.0 10000000000.0 10000000000.0 
10000000000.0 10000000000.0 10000000000.0 10000000000.0 10000000000.0 10000000000.0 10000000000.0 10000000000.0 10000000000.0 10000000000.0 10000000000.0 
10000000000.0 10000000000.0 10000000000.0 10000000000.0 10000000000.0 10000000000.0 10000000000.0 10000000000.0 10000000000.0 10000000000.0 10000000000.0 
10000000000.0 10000000000.0 10000000000.0 10000000000.0 10000000000.0 10000000000.0 10000000000.0 10000000000.0 10000000000.0 10000000000.0 10000000000.0 
    2237.9     2187.9     2137.9     2087.9     2037.9     1987.9     1937.9     1887.9     1837.9     1787.9     1737.9 
    2028.3     1978.3     1928.3     1878.3     1828.3     1778.3     1728.3     1678.3     1628.3     1578.3     1528.3 
    2032.4     1982.5     1932.7     1882.9     1833.1     1783.4     1733.7     1684.0     1634.3     1584.8     1535.2 
    2038.9     1989.3     1939.9     1890.5     1841.1     1791.9     1742.7     1693.6     1644.7     1595.9     1547.2 
    2048.0     1999.0     1950.1     1901.2     1852.5     1803.9     1755.5     1707.3     1659.3     1611.6     1564.1 
    2059.9     2011.5     1963.2     1915.0     1867.1     1819.3     1771.8     1724.6     1677.8     1631.4     1585.4 
    2074.4     2026.6     1979.1     1931.7     1884.7     1837.9     1791.5     1745.5     1700.0     1655.1     1611.0 

Iteration 14: Selected grid neighbor: cell 69222, cost=1728.3
Iteration 15: cell 69222 (x=92.000,y=223.000), cost=1728.300, dx=0.000, dy=0.000
Iteration 15: potarr window around cell (92,223):
10000000000.0 10000000000.0 10000000000.0 10000000000.0 10000000000.0 10000000000.0 10000000000.0 10000000000.0 10000000000.0 10000000000.0 10000000000.0 
10000000000.0 10000000000.0 10000000000.0 10000000000.0 10000000000.0 10000000000.0 10000000000.0 10000000000.0 10000000000.0 10000000000.0 10000000000.0 
10000000000.0 10000000000.0 10000000000.0 10000000000.0 10000000000.0 10000000000.0 10000000000.0 10000000000.0 10000000000.0 10000000000.0 10000000000.0 
10000000000.0 10000000000.0 10000000000.0 10000000000.0 10000000000.0 10000000000.0 10000000000.0 10000000000.0 10000000000.0 10000000000.0 10000000000.0 
    2187.9     2137.9     2087.9     2037.9     1987.9     1937.9     1887.9     1837.9     1787.9     1737.9     1687.9 
    1978.3     1928.3     1878.3     1828.3     1778.3     1728.3     1678.3     1628.3     1578.3     1528.3     1478.3 
    1982.5     1932.7     1882.9     1833.1     1783.4     1733.7     1684.0     1634.3     1584.8     1535.2     1485.8 
    1989.3     1939.9     1890.5     1841.1     1791.9     1742.7     1693.6     1644.7     1595.9     1547.2     1498.8 
    1999.0     1950.1     1901.2     1852.5     1803.9     1755.5     1707.3     1659.3     1611.6     1564.1     1517.1 
    2011.5     1963.2     1915.0     1867.1     1819.3     1771.8     1724.6     1677.8     1631.4     1585.4     1540.2 
    2026.6     1979.1     1931.7     1884.7     1837.9     1791.5     1745.5     1700.0     1655.1     1611.0     1568.0 

Iteration 15: Selected grid neighbor: cell 69223, cost=1678.3
Iteration 16: cell 69223 (x=93.000,y=223.000), cost=1678.300, dx=0.000, dy=0.000
Iteration 16: potarr window around cell (93,223):
10000000000.0 10000000000.0 10000000000.0 10000000000.0 10000000000.0 10000000000.0 10000000000.0 10000000000.0 10000000000.0 10000000000.0 10000000000.0 
10000000000.0 10000000000.0 10000000000.0 10000000000.0 10000000000.0 10000000000.0 10000000000.0 10000000000.0 10000000000.0 10000000000.0 10000000000.0 
10000000000.0 10000000000.0 10000000000.0 10000000000.0 10000000000.0 10000000000.0 10000000000.0 10000000000.0 10000000000.0 10000000000.0 10000000000.0 
10000000000.0 10000000000.0 10000000000.0 10000000000.0 10000000000.0 10000000000.0 10000000000.0 10000000000.0 10000000000.0 10000000000.0 10000000000.0 
    2137.9     2087.9     2037.9     1987.9     1937.9     1887.9     1837.9     1787.9     1737.9     1687.9     1637.9 
    1928.3     1878.3     1828.3     1778.3     1728.3     1678.3     1628.3     1578.3     1528.3     1478.3     1428.3 
    1932.7     1882.9     1833.1     1783.4     1733.7     1684.0     1634.3     1584.8     1535.2     1485.8     1436.4 
    1939.9     1890.5     1841.1     1791.9     1742.7     1693.6     1644.7     1595.9     1547.2     1498.8     1450.7 
    1950.1     1901.2     1852.5     1803.9     1755.5     1707.3     1659.3     1611.6     1564.1     1517.1     1470.6 
    1963.2     1915.0     1867.1     1819.3     1771.8     1724.6     1677.8     1631.4     1585.4     1540.2     1495.7 
    1979.1     1931.7     1884.7     1837.9     1791.5     1745.5     1700.0     1655.1     1611.0     1568.0     1526.3 

Iteration 16: Selected grid neighbor: cell 69224, cost=1628.3
Iteration 17: cell 69224 (x=94.000,y=223.000), cost=1628.300, dx=0.000, dy=0.000
Iteration 17: potarr window around cell (94,223):
10000000000.0 10000000000.0 10000000000.0 10000000000.0 10000000000.0 10000000000.0 10000000000.0 10000000000.0 10000000000.0 10000000000.0 10000000000.0 
10000000000.0 10000000000.0 10000000000.0 10000000000.0 10000000000.0 10000000000.0 10000000000.0 10000000000.0 10000000000.0 10000000000.0 10000000000.0 
10000000000.0 10000000000.0 10000000000.0 10000000000.0 10000000000.0 10000000000.0 10000000000.0 10000000000.0 10000000000.0 10000000000.0 10000000000.0 
10000000000.0 10000000000.0 10000000000.0 10000000000.0 10000000000.0 10000000000.0 10000000000.0 10000000000.0 10000000000.0 10000000000.0 10000000000.0 
    2087.9     2037.9     1987.9     1937.9     1887.9     1837.9     1787.9     1737.9     1687.9     1637.9     1587.9 
    1878.3     1828.3     1778.3     1728.3     1678.3     1628.3     1578.3     1528.3     1478.3     1428.3     1378.3 
    1882.9     1833.1     1783.4     1733.7     1684.0     1634.3     1584.8     1535.2     1485.8     1436.4     1387.2 
    1890.5     1841.1     1791.9     1742.7     1693.6     1644.7     1595.9     1547.2     1498.8     1450.7     1402.8 
    1901.2     1852.5     1803.9     1755.5     1707.3     1659.3     1611.6     1564.1     1517.1     1470.6     1424.8 
    1915.0     1867.1     1819.3     1771.8     1724.6     1677.8     1631.4     1585.4     1540.2     1495.7     1452.3 
    1931.7     1884.7     1837.9     1791.5     1745.5     1700.0     1655.1     1611.0     1568.0     1526.3     1486.7 

Iteration 17: Selected grid neighbor: cell 69225, cost=1578.3
Iteration 18: cell 69225 (x=95.000,y=223.000), cost=1578.300, dx=0.000, dy=0.000
Iteration 18: potarr window around cell (95,223):
10000000000.0 10000000000.0 10000000000.0 10000000000.0 10000000000.0 10000000000.0 10000000000.0 10000000000.0 10000000000.0 10000000000.0 10000000000.0 
10000000000.0 10000000000.0 10000000000.0 10000000000.0 10000000000.0 10000000000.0 10000000000.0 10000000000.0 10000000000.0 10000000000.0 10000000000.0 
10000000000.0 10000000000.0 10000000000.0 10000000000.0 10000000000.0 10000000000.0 10000000000.0 10000000000.0 10000000000.0 10000000000.0 10000000000.0 
10000000000.0 10000000000.0 10000000000.0 10000000000.0 10000000000.0 10000000000.0 10000000000.0 10000000000.0 10000000000.0 10000000000.0 10000000000.0 
    2037.9     1987.9     1937.9     1887.9     1837.9     1787.9     1737.9     1687.9     1637.9     1587.9     1537.9 
    1828.3     1778.3     1728.3     1678.3     1628.3     1578.3     1528.3     1478.3     1428.3     1378.3     1328.3 
    1833.1     1783.4     1733.7     1684.0     1634.3     1584.8     1535.2     1485.8     1436.4     1387.2     1338.1 
    1841.1     1791.9     1742.7     1693.6     1644.7     1595.9     1547.2     1498.8     1450.7     1402.8     1355.4 
    1852.5     1803.9     1755.5     1707.3     1659.3     1611.6     1564.1     1517.1     1470.6     1424.8     1379.8 
    1867.1     1819.3     1771.8     1724.6     1677.8     1631.4     1585.4     1540.2     1495.7     1452.3     1410.4 
    1884.7     1837.9     1791.5     1745.5     1700.0     1655.1     1611.0     1568.0     1526.3     1486.7     1450.7 

Iteration 18: Selected grid neighbor: cell 69226, cost=1528.3
Iteration 19: cell 69226 (x=96.000,y=223.000), cost=1528.300, dx=0.000, dy=0.000
Iteration 19: potarr window around cell (96,223):
10000000000.0 10000000000.0 10000000000.0 10000000000.0 10000000000.0 10000000000.0 10000000000.0 10000000000.0 10000000000.0 10000000000.0 10000000000.0 
10000000000.0 10000000000.0 10000000000.0 10000000000.0 10000000000.0 10000000000.0 10000000000.0 10000000000.0 10000000000.0 10000000000.0 10000000000.0 
10000000000.0 10000000000.0 10000000000.0 10000000000.0 10000000000.0 10000000000.0 10000000000.0 10000000000.0 10000000000.0 10000000000.0 10000000000.0 
10000000000.0 10000000000.0 10000000000.0 10000000000.0 10000000000.0 10000000000.0 10000000000.0 10000000000.0 10000000000.0 10000000000.0 10000000000.0 
    1987.9     1937.9     1887.9     1837.9     1787.9     1737.9     1687.9     1637.9     1587.9     1537.9     1487.9 
    1778.3     1728.3     1678.3     1628.3     1578.3     1528.3     1478.3     1428.3     1378.3     1328.3     1278.3 
    1783.4     1733.7     1684.0     1634.3     1584.8     1535.2     1485.8     1436.4     1387.2     1338.1     1289.2 
    1791.9     1742.7     1693.6     1644.7     1595.9     1547.2     1498.8     1450.7     1402.8     1355.4     1308.5 
    1803.9     1755.5     1707.3     1659.3     1611.6     1564.1     1517.1     1470.6     1424.8     1379.8     1336.1 
    1819.3     1771.8     1724.6     1677.8     1631.4     1585.4     1540.2     1495.7     1452.3     1410.4     1370.8 
    1837.9     1791.5     1745.5     1700.0     1655.1     1611.0     1568.0     1526.3     1486.7     1450.7     1420.8 

Iteration 19: Selected grid neighbor: cell 69227, cost=1478.3
Iteration 20: cell 69227 (x=97.000,y=223.000), cost=1478.300, dx=0.000, dy=0.000
Iteration 20: potarr window around cell (97,223):
10000000000.0 10000000000.0 10000000000.0 10000000000.0 10000000000.0 10000000000.0 10000000000.0 10000000000.0 10000000000.0 10000000000.0 10000000000.0 
10000000000.0 10000000000.0 10000000000.0 10000000000.0 10000000000.0 10000000000.0 10000000000.0 10000000000.0 10000000000.0 10000000000.0 10000000000.0 
10000000000.0 10000000000.0 10000000000.0 10000000000.0 10000000000.0 10000000000.0 10000000000.0 10000000000.0 10000000000.0 10000000000.0 10000000000.0 
10000000000.0 10000000000.0 10000000000.0 10000000000.0 10000000000.0 10000000000.0 10000000000.0 10000000000.0 10000000000.0 10000000000.0 10000000000.0 
    1937.9     1887.9     1837.9     1787.9     1737.9     1687.9     1637.9     1587.9     1537.9     1487.9     1437.9 
    1728.3     1678.3     1628.3     1578.3     1528.3     1478.3     1428.3     1378.3     1328.3     1278.3     1228.3 
    1733.7     1684.0     1634.3     1584.8     1535.2     1485.8     1436.4     1387.2     1338.1     1289.2     1240.5 
    1742.7     1693.6     1644.7     1595.9     1547.2     1498.8     1450.7     1402.8     1355.4     1308.5     1262.4 
    1755.5     1707.3     1659.3     1611.6     1564.1     1517.1     1470.6     1424.8     1379.8     1336.1     1294.4 
    1771.8     1724.6     1677.8     1631.4     1585.4     1540.2     1495.7     1452.3     1410.4     1370.8     1335.1 
    1791.5     1745.5     1700.0     1655.1     1611.0     1568.0     1526.3     1486.7     1450.7     1420.8     1551.7 

Iteration 20: Selected grid neighbor: cell 69228, cost=1428.3
Iteration 21: cell 69228 (x=98.000,y=223.000), cost=1428.300, dx=0.000, dy=0.000
Iteration 21: potarr window around cell (98,223):
10000000000.0 10000000000.0 10000000000.0 10000000000.0 10000000000.0 10000000000.0 10000000000.0 10000000000.0 10000000000.0 10000000000.0 10000000000.0 
10000000000.0 10000000000.0 10000000000.0 10000000000.0 10000000000.0 10000000000.0 10000000000.0 10000000000.0 10000000000.0 10000000000.0 10000000000.0 
10000000000.0 10000000000.0 10000000000.0 10000000000.0 10000000000.0 10000000000.0 10000000000.0 10000000000.0 10000000000.0 10000000000.0 10000000000.0 
10000000000.0 10000000000.0 10000000000.0 10000000000.0 10000000000.0 10000000000.0 10000000000.0 10000000000.0 10000000000.0 10000000000.0 10000000000.0 
    1887.9     1837.9     1787.9     1737.9     1687.9     1637.9     1587.9     1537.9     1487.9     1437.9     1387.9 
    1678.3     1628.3     1578.3     1528.3     1478.3     1428.3     1378.3     1328.3     1278.3     1228.3     1178.3 
    1684.0     1634.3     1584.8     1535.2     1485.8     1436.4     1387.2     1338.1     1289.2     1240.5     1192.1 
    1693.6     1644.7     1595.9     1547.2     1498.8     1450.7     1402.8     1355.4     1308.5     1262.4     1217.4 
    1707.3     1659.3     1611.6     1564.1     1517.1     1470.6     1424.8     1379.8     1336.1     1294.4     1255.9 
    1724.6     1677.8     1631.4     1585.4     1540.2     1495.7     1452.3     1410.4     1370.8     1335.1     1305.9 
    1745.5     1700.0     1655.1     1611.0     1568.0     1526.3     1486.7     1450.7     1420.8     1551.7     1545.9 

Iteration 21: Selected grid neighbor: cell 69229, cost=1378.3
Iteration 22: cell 69229 (x=99.000,y=223.000), cost=1378.300, dx=0.000, dy=0.000
Iteration 22: potarr window around cell (99,223):
10000000000.0 10000000000.0 10000000000.0 10000000000.0 10000000000.0 10000000000.0 10000000000.0 10000000000.0 10000000000.0 10000000000.0 10000000000.0 
10000000000.0 10000000000.0 10000000000.0 10000000000.0 10000000000.0 10000000000.0 10000000000.0 10000000000.0 10000000000.0 10000000000.0 10000000000.0 
10000000000.0 10000000000.0 10000000000.0 10000000000.0 10000000000.0 10000000000.0 10000000000.0 10000000000.0 10000000000.0 10000000000.0 10000000000.0 
10000000000.0 10000000000.0 10000000000.0 10000000000.0 10000000000.0 10000000000.0 10000000000.0 10000000000.0 10000000000.0 10000000000.0 10000000000.0 
    1837.9     1787.9     1737.9     1687.9     1637.9     1587.9     1537.9     1487.9     1437.9     1387.9     1337.9 
    1628.3     1578.3     1528.3     1478.3     1428.3     1378.3     1328.3     1278.3     1228.3     1178.3     1128.3 
    1634.3     1584.8     1535.2     1485.8     1436.4     1387.2     1338.1     1289.2     1240.5     1192.1     1144.2 
    1644.7     1595.9     1547.2     1498.8     1450.7     1402.8     1355.4     1308.5     1262.4     1217.4     1174.1 
    1659.3     1611.6     1564.1     1517.1     1470.6     1424.8     1379.8     1336.1     1294.4     1255.9     1224.1 
    1677.8     1631.4     1585.4     1540.2     1495.7     1452.3     1410.4     1370.8     1335.1     1305.9     1440.1 
    1700.0     1655.1     1611.0     1568.0     1526.3     1486.7     1450.7     1420.8     1551.7     1545.9 10000000000.0 

Iteration 22: Selected grid neighbor: cell 69230, cost=1328.3
Iteration 23: cell 69230 (x=100.000,y=223.000), cost=1328.300, dx=0.000, dy=0.000
Iteration 23: potarr window around cell (100,223):
10000000000.0 10000000000.0 10000000000.0 10000000000.0 10000000000.0 10000000000.0 10000000000.0 10000000000.0 10000000000.0 10000000000.0 10000000000.0 
10000000000.0 10000000000.0 10000000000.0 10000000000.0 10000000000.0 10000000000.0 10000000000.0 10000000000.0 10000000000.0 10000000000.0 10000000000.0 
10000000000.0 10000000000.0 10000000000.0 10000000000.0 10000000000.0 10000000000.0 10000000000.0 10000000000.0 10000000000.0 10000000000.0 10000000000.0 
10000000000.0 10000000000.0 10000000000.0 10000000000.0 10000000000.0 10000000000.0 10000000000.0 10000000000.0 10000000000.0 10000000000.0 10000000000.0 
    1787.9     1737.9     1687.9     1637.9     1587.9     1537.9     1487.9     1437.9     1387.9     1337.9     1287.9 
    1578.3     1528.3     1478.3     1428.3     1378.3     1328.3     1278.3     1228.3     1178.3     1128.3     1078.3 
    1584.8     1535.2     1485.8     1436.4     1387.2     1338.1     1289.2     1240.5     1192.1     1144.2     1096.9 
    1595.9     1547.2     1498.8     1450.7     1402.8     1355.4     1308.5     1262.4     1217.4     1174.1     1133.9 
    1611.6     1564.1     1517.1     1470.6     1424.8     1379.8     1336.1     1294.4     1255.9     1224.1     1350.1 
    1631.4     1585.4     1540.2     1495.7     1452.3     1410.4     1370.8     1335.1     1305.9     1440.1 10000000000.0 
    1655.1     1611.0     1568.0     1526.3     1486.7     1450.7     1420.8     1551.7     1545.9 10000000000.0 10000000000.0 

Iteration 23: Selected grid neighbor: cell 69231, cost=1278.3
Iteration 24: cell 69231 (x=101.000,y=223.000), cost=1278.300, dx=0.000, dy=0.000
Iteration 24: potarr window around cell (101,223):
10000000000.0 10000000000.0 10000000000.0 10000000000.0 10000000000.0 10000000000.0 10000000000.0 10000000000.0 10000000000.0 10000000000.0 10000000000.0 
10000000000.0 10000000000.0 10000000000.0 10000000000.0 10000000000.0 10000000000.0 10000000000.0 10000000000.0 10000000000.0 10000000000.0 10000000000.0 
10000000000.0 10000000000.0 10000000000.0 10000000000.0 10000000000.0 10000000000.0 10000000000.0 10000000000.0 10000000000.0 10000000000.0 10000000000.0 
10000000000.0 10000000000.0 10000000000.0 10000000000.0 10000000000.0 10000000000.0 10000000000.0 10000000000.0 10000000000.0 10000000000.0 10000000000.0 
    1737.9     1687.9     1637.9     1587.9     1537.9     1487.9     1437.9     1387.9     1337.9     1287.9     1237.9 
    1528.3     1478.3     1428.3     1378.3     1328.3     1278.3     1228.3     1178.3     1128.3     1078.3     1028.3 
    1535.2     1485.8     1436.4     1387.2     1338.1     1289.2     1240.5     1192.1     1144.2     1096.9     1050.4 
    1547.2     1498.8     1450.7     1402.8     1355.4     1308.5     1262.4     1217.4     1174.1     1133.9     1100.4 
    1564.1     1517.1     1470.6     1424.8     1379.8     1336.1     1294.4     1255.9     1224.1     1350.1     1340.4 
    1585.4     1540.2     1495.7     1452.3     1410.4     1370.8     1335.1     1305.9     1440.1 10000000000.0 10000000000.0 
    1611.0     1568.0     1526.3     1486.7     1450.7     1420.8     1551.7     1545.9 10000000000.0 10000000000.0 10000000000.0 

Iteration 24: Selected grid neighbor: cell 69232, cost=1228.3
Iteration 25: cell 69232 (x=102.000,y=223.000), cost=1228.300, dx=0.000, dy=0.000
Iteration 25: potarr window around cell (102,223):
10000000000.0 10000000000.0 10000000000.0 10000000000.0 10000000000.0 10000000000.0 10000000000.0 10000000000.0 10000000000.0 10000000000.0 10000000000.0 
10000000000.0 10000000000.0 10000000000.0 10000000000.0 10000000000.0 10000000000.0 10000000000.0 10000000000.0 10000000000.0 10000000000.0 10000000000.0 
10000000000.0 10000000000.0 10000000000.0 10000000000.0 10000000000.0 10000000000.0 10000000000.0 10000000000.0 10000000000.0 10000000000.0 10000000000.0 
10000000000.0 10000000000.0 10000000000.0 10000000000.0 10000000000.0 10000000000.0 10000000000.0 10000000000.0 10000000000.0 10000000000.0 10000000000.0 
    1687.9     1637.9     1587.9     1537.9     1487.9     1437.9     1387.9     1337.9     1287.9     1237.9     1187.9 
    1478.3     1428.3     1378.3     1328.3     1278.3     1228.3     1178.3     1128.3     1078.3     1028.3      978.3 
    1485.8     1436.4     1387.2     1338.1     1289.2     1240.5     1192.1     1144.2     1096.9     1050.4     1005.5 
    1498.8     1450.7     1402.8     1355.4     1308.5     1262.4     1217.4     1174.1     1133.9     1100.4     1220.9 
    1517.1     1470.6     1424.8     1379.8     1336.1     1294.4     1255.9     1224.1     1350.1     1340.4 10000000000.0 
    1540.2     1495.7     1452.3     1410.4     1370.8     1335.1     1305.9     1440.1 10000000000.0 10000000000.0 10000000000.0 
    1568.0     1526.3     1486.7     1450.7     1420.8     1551.7     1545.9 10000000000.0 10000000000.0 10000000000.0 10000000000.0 

Iteration 25: Selected grid neighbor: cell 69233, cost=1178.3
Iteration 26: cell 69233 (x=103.000,y=223.000), cost=1178.300, dx=0.000, dy=0.000
Iteration 26: potarr window around cell (103,223):
10000000000.0 10000000000.0 10000000000.0 10000000000.0 10000000000.0 10000000000.0 10000000000.0 10000000000.0 10000000000.0 10000000000.0 10000000000.0 
10000000000.0 10000000000.0 10000000000.0 10000000000.0 10000000000.0 10000000000.0 10000000000.0 10000000000.0 10000000000.0 10000000000.0 10000000000.0 
10000000000.0 10000000000.0 10000000000.0 10000000000.0 10000000000.0 10000000000.0 10000000000.0 10000000000.0 10000000000.0 10000000000.0 10000000000.0 
10000000000.0 10000000000.0 10000000000.0 10000000000.0 10000000000.0 10000000000.0 10000000000.0 10000000000.0 10000000000.0 10000000000.0 10000000000.0 
    1637.9     1587.9     1537.9     1487.9     1437.9     1387.9     1337.9     1287.9     1237.9     1187.9     1137.9 
    1428.3     1378.3     1328.3     1278.3     1228.3     1178.3     1128.3     1078.3     1028.3      978.3      928.3 
    1436.4     1387.2     1338.1     1289.2     1240.5     1192.1     1144.2     1096.9     1050.4     1005.5      963.5 
    1450.7     1402.8     1355.4     1308.5     1262.4     1217.4     1174.1     1133.9     1100.4     1220.9     1203.5 
    1470.6     1424.8     1379.8     1336.1     1294.4     1255.9     1224.1     1350.1     1340.4 10000000000.0 10000000000.0 
    1495.7     1452.3     1410.4     1370.8     1335.1     1305.9     1440.1 10000000000.0 10000000000.0 10000000000.0 10000000000.0 
    1526.3     1486.7     1450.7     1420.8     1551.7     1545.9 10000000000.0 10000000000.0 10000000000.0 10000000000.0 10000000000.0 

Iteration 26: Selected grid neighbor: cell 69234, cost=1128.3
Iteration 27: cell 69234 (x=104.000,y=223.000), cost=1128.300, dx=0.000, dy=0.000
Iteration 27: potarr window around cell (104,223):
10000000000.0 10000000000.0 10000000000.0 10000000000.0 10000000000.0 10000000000.0 10000000000.0 10000000000.0 10000000000.0 10000000000.0 10000000000.0 
10000000000.0 10000000000.0 10000000000.0 10000000000.0 10000000000.0 10000000000.0 10000000000.0 10000000000.0 10000000000.0 10000000000.0 10000000000.0 
10000000000.0 10000000000.0 10000000000.0 10000000000.0 10000000000.0 10000000000.0 10000000000.0 10000000000.0 10000000000.0 10000000000.0 10000000000.0 
10000000000.0 10000000000.0 10000000000.0 10000000000.0 10000000000.0 10000000000.0 10000000000.0 10000000000.0 10000000000.0 10000000000.0 10000000000.0 
    1587.9     1537.9     1487.9     1437.9     1387.9     1337.9     1287.9     1237.9     1187.9     1137.9     1087.9 
    1378.3     1328.3     1278.3     1228.3     1178.3     1128.3     1078.3     1028.3      978.3      928.3      878.3 
    1387.2     1338.1     1289.2     1240.5     1192.1     1144.2     1096.9     1050.4     1005.5      963.5      928.3 
    1402.8     1355.4     1308.5     1262.4     1217.4     1174.1     1133.9     1100.4     1220.9     1203.5 10000000000.0 
    1424.8     1379.8     1336.1     1294.4     1255.9     1224.1     1350.1     1340.4 10000000000.0 10000000000.0 10000000000.0 
    1452.3     1410.4     1370.8     1335.1     1305.9     1440.1 10000000000.0 10000000000.0 10000000000.0 10000000000.0 10000000000.0 
    1486.7     1450.7     1420.8     1551.7     1545.9 10000000000.0 10000000000.0 10000000000.0 10000000000.0 10000000000.0 10000000000.0 

Iteration 27: Selected grid neighbor: cell 69235, cost=1078.3
Iteration 28: cell 69235 (x=105.000,y=223.000), cost=1078.300, dx=0.000, dy=0.000
Iteration 28: potarr window around cell (105,223):
10000000000.0 10000000000.0 10000000000.0 10000000000.0 10000000000.0 10000000000.0 10000000000.0 10000000000.0 10000000000.0 10000000000.0 10000000000.0 
10000000000.0 10000000000.0 10000000000.0 10000000000.0 10000000000.0 10000000000.0 10000000000.0 10000000000.0 10000000000.0 10000000000.0 10000000000.0 
10000000000.0 10000000000.0 10000000000.0 10000000000.0 10000000000.0 10000000000.0 10000000000.0 10000000000.0 10000000000.0 10000000000.0 10000000000.0 
10000000000.0 10000000000.0 10000000000.0 10000000000.0 10000000000.0 10000000000.0 10000000000.0 10000000000.0 10000000000.0 10000000000.0 10000000000.0 
    1537.9     1487.9     1437.9     1387.9     1337.9     1287.9     1237.9     1187.9     1137.9     1087.9     1037.9 
    1328.3     1278.3     1228.3     1178.3     1128.3     1078.3     1028.3      978.3      928.3      878.3      828.3 
    1338.1     1289.2     1240.5     1192.1     1144.2     1096.9     1050.4     1005.5      963.5      928.3     1037.9 
    1355.4     1308.5     1262.4     1217.4     1174.1     1133.9     1100.4     1220.9     1203.5 10000000000.0 10000000000.0 
    1379.8     1336.1     1294.4     1255.9     1224.1     1350.1     1340.4 10000000000.0 10000000000.0 10000000000.0 10000000000.0 
    1410.4     1370.8     1335.1     1305.9     1440.1 10000000000.0 10000000000.0 10000000000.0 10000000000.0 10000000000.0 10000000000.0 
    1450.7     1420.8     1551.7     1545.9 10000000000.0 10000000000.0 10000000000.0 10000000000.0 10000000000.0 10000000000.0 10000000000.0 

Iteration 28: Selected grid neighbor: cell 69236, cost=1028.3
Iteration 29: cell 69236 (x=106.000,y=223.000), cost=1028.300, dx=0.000, dy=0.000
Iteration 29: potarr window around cell (106,223):
10000000000.0 10000000000.0 10000000000.0 10000000000.0 10000000000.0 10000000000.0 10000000000.0 10000000000.0 10000000000.0 10000000000.0 10000000000.0 
10000000000.0 10000000000.0 10000000000.0 10000000000.0 10000000000.0 10000000000.0 10000000000.0 10000000000.0 10000000000.0 10000000000.0 10000000000.0 
10000000000.0 10000000000.0 10000000000.0 10000000000.0 10000000000.0 10000000000.0 10000000000.0 10000000000.0 10000000000.0 10000000000.0 10000000000.0 
10000000000.0 10000000000.0 10000000000.0 10000000000.0 10000000000.0 10000000000.0 10000000000.0 10000000000.0 10000000000.0 10000000000.0 10000000000.0 
    1487.9     1437.9     1387.9     1337.9     1287.9     1237.9     1187.9     1137.9     1087.9     1037.9      987.9 
    1278.3     1228.3     1178.3     1128.3     1078.3     1028.3      978.3      928.3      878.3      828.3      778.3 
    1289.2     1240.5     1192.1     1144.2     1096.9     1050.4     1005.5      963.5      928.3     1037.9      987.8 
    1308.5     1262.4     1217.4     1174.1     1133.9     1100.4     1220.9     1203.5 10000000000.0 10000000000.0 10000000000.0 
    1336.1     1294.4     1255.9     1224.1     1350.1     1340.4 10000000000.0 10000000000.0 10000000000.0 10000000000.0 10000000000.0 
    1370.8     1335.1     1305.9     1440.1 10000000000.0 10000000000.0 10000000000.0 10000000000.0 10000000000.0 10000000000.0 10000000000.0 
    1420.8     1551.7     1545.9 10000000000.0 10000000000.0 10000000000.0 10000000000.0 10000000000.0 10000000000.0 10000000000.0 10000000000.0 

Iteration 29: Selected grid neighbor: cell 69237, cost=978.3
Iteration 30: cell 69237 (x=107.000,y=223.000), cost=978.300, dx=0.000, dy=0.000
Iteration 30: potarr window around cell (107,223):
10000000000.0 10000000000.0 10000000000.0 10000000000.0 10000000000.0 10000000000.0 10000000000.0 10000000000.0 10000000000.0 10000000000.0 10000000000.0 
10000000000.0 10000000000.0 10000000000.0 10000000000.0 10000000000.0 10000000000.0 10000000000.0 10000000000.0 10000000000.0 10000000000.0 10000000000.0 
10000000000.0 10000000000.0 10000000000.0 10000000000.0 10000000000.0 10000000000.0 10000000000.0 10000000000.0 10000000000.0 10000000000.0 10000000000.0 
10000000000.0 10000000000.0 10000000000.0 10000000000.0 10000000000.0 10000000000.0 10000000000.0 10000000000.0 10000000000.0 10000000000.0 10000000000.0 
    1437.9     1387.9     1337.9     1287.9     1237.9     1187.9     1137.9     1087.9     1037.9      987.9      937.9 
    1228.3     1178.3     1128.3     1078.3     1028.3      978.3      928.3      878.3      828.3      778.3      728.3 
    1240.5     1192.1     1144.2     1096.9     1050.4     1005.5      963.5      928.3     1037.9      987.8      937.4 
    1262.4     1217.4     1174.1     1133.9     1100.4     1220.9     1203.5 10000000000.0 10000000000.0 10000000000.0 10000000000.0 
    1294.4     1255.9     1224.1     1350.1     1340.4 10000000000.0 10000000000.0 10000000000.0 10000000000.0 10000000000.0 10000000000.0 
    1335.1     1305.9     1440.1 10000000000.0 10000000000.0 10000000000.0 10000000000.0 10000000000.0 10000000000.0 10000000000.0 10000000000.0 
    1551.7     1545.9 10000000000.0 10000000000.0 10000000000.0 10000000000.0 10000000000.0 10000000000.0 10000000000.0 10000000000.0 10000000000.0 

Iteration 30: Selected grid neighbor: cell 69238, cost=928.3
Iteration 31: cell 69238 (x=108.000,y=223.000), cost=928.300, dx=0.000, dy=0.000
Iteration 31: potarr window around cell (108,223):
10000000000.0 10000000000.0 10000000000.0 10000000000.0 10000000000.0 10000000000.0 10000000000.0 10000000000.0 10000000000.0 10000000000.0 10000000000.0 
10000000000.0 10000000000.0 10000000000.0 10000000000.0 10000000000.0 10000000000.0 10000000000.0 10000000000.0 10000000000.0 10000000000.0 10000000000.0 
10000000000.0 10000000000.0 10000000000.0 10000000000.0 10000000000.0 10000000000.0 10000000000.0 10000000000.0 10000000000.0 10000000000.0 10000000000.0 
10000000000.0 10000000000.0 10000000000.0 10000000000.0 10000000000.0 10000000000.0 10000000000.0 10000000000.0 10000000000.0 10000000000.0 10000000000.0 
    1387.9     1337.9     1287.9     1237.9     1187.9     1137.9     1087.9     1037.9      987.9      937.9      887.9 
    1178.3     1128.3     1078.3     1028.3      978.3      928.3      878.3      828.3      778.3      728.3      678.3 
    1192.1     1144.2     1096.9     1050.4     1005.5      963.5      928.3     1037.9      987.8      937.4      884.9 
    1217.4     1174.1     1133.9     1100.4     1220.9     1203.5 10000000000.0 10000000000.0 10000000000.0 10000000000.0 10000000000.0 
    1255.9     1224.1     1350.1     1340.4 10000000000.0 10000000000.0 10000000000.0 10000000000.0 10000000000.0 10000000000.0 10000000000.0 
    1305.9     1440.1 10000000000.0 10000000000.0 10000000000.0 10000000000.0 10000000000.0 10000000000.0 10000000000.0 10000000000.0 10000000000.0 
    1545.9 10000000000.0 10000000000.0 10000000000.0 10000000000.0 10000000000.0 10000000000.0 10000000000.0 10000000000.0 10000000000.0 10000000000.0 

Iteration 31: Selected grid neighbor: cell 69239, cost=878.3
Iteration 32: cell 69239 (x=109.000,y=223.000), cost=878.300, dx=0.000, dy=0.000
Iteration 32: potarr window around cell (109,223):
10000000000.0 10000000000.0 10000000000.0 10000000000.0 10000000000.0 10000000000.0 10000000000.0 10000000000.0 10000000000.0 10000000000.0 10000000000.0 
10000000000.0 10000000000.0 10000000000.0 10000000000.0 10000000000.0 10000000000.0 10000000000.0 10000000000.0 10000000000.0 10000000000.0 10000000000.0 
10000000000.0 10000000000.0 10000000000.0 10000000000.0 10000000000.0 10000000000.0 10000000000.0 10000000000.0 10000000000.0 10000000000.0 10000000000.0 
10000000000.0 10000000000.0 10000000000.0 10000000000.0 10000000000.0 10000000000.0 10000000000.0 10000000000.0 10000000000.0 10000000000.0 10000000000.0 
    1337.9     1287.9     1237.9     1187.9     1137.9     1087.9     1037.9      987.9      937.9      887.9      837.9 
    1128.3     1078.3     1028.3      978.3      928.3      878.3      828.3      778.3      728.3      678.3      628.3 
    1144.2     1096.9     1050.4     1005.5      963.5      928.3     1037.9      987.8      937.4      884.9      823.4 
    1174.1     1133.9     1100.4     1220.9     1203.5 10000000000.0 10000000000.0 10000000000.0 10000000000.0 10000000000.0 10000000000.0 
    1224.1     1350.1     1340.4 10000000000.0 10000000000.0 10000000000.0 10000000000.0 10000000000.0 10000000000.0 10000000000.0 10000000000.0 
    1440.1 10000000000.0 10000000000.0 10000000000.0 10000000000.0 10000000000.0 10000000000.0 10000000000.0 10000000000.0 10000000000.0 10000000000.0 
10000000000.0 10000000000.0 10000000000.0 10000000000.0 10000000000.0 10000000000.0 10000000000.0 10000000000.0 10000000000.0 10000000000.0 10000000000.0 

Iteration 32: Selected grid neighbor: cell 69240, cost=828.3
Iteration 33: cell 69240 (x=110.000,y=223.000), cost=828.300, dx=0.000, dy=0.000
Iteration 33: potarr window around cell (110,223):
10000000000.0 10000000000.0 10000000000.0 10000000000.0 10000000000.0 10000000000.0 10000000000.0 10000000000.0 10000000000.0 10000000000.0 10000000000.0 
10000000000.0 10000000000.0 10000000000.0 10000000000.0 10000000000.0 10000000000.0 10000000000.0 10000000000.0 10000000000.0 10000000000.0 10000000000.0 
10000000000.0 10000000000.0 10000000000.0 10000000000.0 10000000000.0 10000000000.0 10000000000.0 10000000000.0 10000000000.0 10000000000.0 10000000000.0 
10000000000.0 10000000000.0 10000000000.0 10000000000.0 10000000000.0 10000000000.0 10000000000.0 10000000000.0 10000000000.0 10000000000.0 10000000000.0 
    1287.9     1237.9     1187.9     1137.9     1087.9     1037.9      987.9      937.9      887.9      837.9      787.9 
    1078.3     1028.3      978.3      928.3      878.3      828.3      778.3      728.3      678.3      628.3      578.3 
    1096.9     1050.4     1005.5      963.5      928.3     1037.9      987.8      937.4      884.9      823.4      730.4 
    1133.9     1100.4     1220.9     1203.5 10000000000.0 10000000000.0 10000000000.0 10000000000.0 10000000000.0 10000000000.0 10000000000.0 
    1350.1     1340.4 10000000000.0 10000000000.0 10000000000.0 10000000000.0 10000000000.0 10000000000.0 10000000000.0 10000000000.0 10000000000.0 
10000000000.0 10000000000.0 10000000000.0 10000000000.0 10000000000.0 10000000000.0 10000000000.0 10000000000.0 10000000000.0 10000000000.0 10000000000.0 
10000000000.0 10000000000.0 10000000000.0 10000000000.0 10000000000.0 10000000000.0 10000000000.0 10000000000.0 10000000000.0 10000000000.0 10000000000.0 

Iteration 33: Selected grid neighbor: cell 69241, cost=778.3
Iteration 34: cell 69241 (x=111.000,y=223.000), cost=778.300, dx=0.000, dy=0.000
Iteration 34: potarr window around cell (111,223):
10000000000.0 10000000000.0 10000000000.0 10000000000.0 10000000000.0 10000000000.0 10000000000.0 10000000000.0 10000000000.0 10000000000.0 10000000000.0 
10000000000.0 10000000000.0 10000000000.0 10000000000.0 10000000000.0 10000000000.0 10000000000.0 10000000000.0 10000000000.0 10000000000.0 10000000000.0 
10000000000.0 10000000000.0 10000000000.0 10000000000.0 10000000000.0 10000000000.0 10000000000.0 10000000000.0 10000000000.0 10000000000.0 10000000000.0 
10000000000.0 10000000000.0 10000000000.0 10000000000.0 10000000000.0 10000000000.0 10000000000.0 10000000000.0 10000000000.0 10000000000.0 10000000000.0 
    1237.9     1187.9     1137.9     1087.9     1037.9      987.9      937.9      887.9      837.9      787.9      738.0 
    1028.3      978.3      928.3      878.3      828.3      778.3      728.3      678.3      628.3      578.3      528.3 
    1050.4     1005.5      963.5      928.3     1037.9      987.8      937.4      884.9      823.4      730.4      578.3 
    1100.4     1220.9     1203.5 10000000000.0 10000000000.0 10000000000.0 10000000000.0 10000000000.0 10000000000.0 10000000000.0 10000000000.0 
    1340.4 10000000000.0 10000000000.0 10000000000.0 10000000000.0 10000000000.0 10000000000.0 10000000000.0 10000000000.0 10000000000.0 10000000000.0 
10000000000.0 10000000000.0 10000000000.0 10000000000.0 10000000000.0 10000000000.0 10000000000.0 10000000000.0 10000000000.0 10000000000.0 10000000000.0 
10000000000.0 10000000000.0 10000000000.0 10000000000.0 10000000000.0 10000000000.0 10000000000.0 10000000000.0 10000000000.0 10000000000.0 10000000000.0 

Iteration 34: Selected grid neighbor: cell 69242, cost=728.3
Iteration 35: cell 69242 (x=112.000,y=223.000), cost=728.300, dx=0.000, dy=0.000
Iteration 35: potarr window around cell (112,223):
10000000000.0 10000000000.0 10000000000.0 10000000000.0 10000000000.0 10000000000.0 10000000000.0 10000000000.0 10000000000.0 10000000000.0 10000000000.0 
10000000000.0 10000000000.0 10000000000.0 10000000000.0 10000000000.0 10000000000.0 10000000000.0 10000000000.0 10000000000.0 10000000000.0 10000000000.0 
10000000000.0 10000000000.0 10000000000.0 10000000000.0 10000000000.0 10000000000.0 10000000000.0 10000000000.0 10000000000.0 10000000000.0 10000000000.0 
10000000000.0 10000000000.0 10000000000.0 10000000000.0 10000000000.0 10000000000.0 10000000000.0 10000000000.0 10000000000.0 10000000000.0 10000000000.0 
    1187.9     1137.9     1087.9     1037.9      987.9      937.9      887.9      837.9      787.9      738.0      688.1 
     978.3      928.3      878.3      828.3      778.3      728.3      678.3      628.3      578.3      528.3      478.3 
    1005.5      963.5      928.3     1037.9      987.8      937.4      884.9      823.4      730.4      578.3 10000000000.0 
    1220.9     1203.5 10000000000.0 10000000000.0 10000000000.0 10000000000.0 10000000000.0 10000000000.0 10000000000.0 10000000000.0      806.0 
10000000000.0 10000000000.0 10000000000.0 10000000000.0 10000000000.0 10000000000.0 10000000000.0 10000000000.0 10000000000.0 10000000000.0 10000000000.0 
10000000000.0 10000000000.0 10000000000.0 10000000000.0 10000000000.0 10000000000.0 10000000000.0 10000000000.0 10000000000.0 10000000000.0 10000000000.0 
10000000000.0 10000000000.0 10000000000.0 10000000000.0 10000000000.0 10000000000.0 10000000000.0 10000000000.0 10000000000.0 10000000000.0 10000000000.0 

Iteration 35: Selected grid neighbor: cell 69243, cost=678.3
Iteration 36: cell 69243 (x=113.000,y=223.000), cost=678.300, dx=0.000, dy=0.000
Iteration 36: potarr window around cell (113,223):
10000000000.0 10000000000.0 10000000000.0 10000000000.0 10000000000.0 10000000000.0 10000000000.0 10000000000.0 10000000000.0 10000000000.0 10000000000.0 
10000000000.0 10000000000.0 10000000000.0 10000000000.0 10000000000.0 10000000000.0 10000000000.0 10000000000.0 10000000000.0 10000000000.0 10000000000.0 
10000000000.0 10000000000.0 10000000000.0 10000000000.0 10000000000.0 10000000000.0 10000000000.0 10000000000.0 10000000000.0 10000000000.0 10000000000.0 
10000000000.0 10000000000.0 10000000000.0 10000000000.0 10000000000.0 10000000000.0 10000000000.0 10000000000.0 10000000000.0 10000000000.0 10000000000.0 
    1137.9     1087.9     1037.9      987.9      937.9      887.9      837.9      787.9      738.0      688.1      638.6 
     928.3      878.3      828.3      778.3      728.3      678.3      628.3      578.3      528.3      478.3      428.3 
     963.5      928.3     1037.9      987.8      937.4      884.9      823.4      730.4      578.3 10000000000.0      412.2 
    1203.5 10000000000.0 10000000000.0 10000000000.0 10000000000.0 10000000000.0 10000000000.0 10000000000.0 10000000000.0      806.0      566.0 
10000000000.0 10000000000.0 10000000000.0 10000000000.0 10000000000.0 10000000000.0 10000000000.0 10000000000.0 10000000000.0 10000000000.0 10000000000.0 
10000000000.0 10000000000.0 10000000000.0 10000000000.0 10000000000.0 10000000000.0 10000000000.0 10000000000.0 10000000000.0 10000000000.0 10000000000.0 
10000000000.0 10000000000.0 10000000000.0 10000000000.0 10000000000.0 10000000000.0 10000000000.0 10000000000.0 10000000000.0 10000000000.0 10000000000.0 

Iteration 36: Selected grid neighbor: cell 69244, cost=628.3
Iteration 37: cell 69244 (x=114.000,y=223.000), cost=628.300, dx=0.000, dy=0.000
Iteration 37: potarr window around cell (114,223):
10000000000.0 10000000000.0 10000000000.0 10000000000.0 10000000000.0 10000000000.0 10000000000.0 10000000000.0 10000000000.0 10000000000.0 10000000000.0 
10000000000.0 10000000000.0 10000000000.0 10000000000.0 10000000000.0 10000000000.0 10000000000.0 10000000000.0 10000000000.0 10000000000.0 10000000000.0 
10000000000.0 10000000000.0 10000000000.0 10000000000.0 10000000000.0 10000000000.0 10000000000.0 10000000000.0 10000000000.0 10000000000.0 10000000000.0 
10000000000.0 10000000000.0 10000000000.0 10000000000.0 10000000000.0 10000000000.0 10000000000.0 10000000000.0 10000000000.0 10000000000.0 10000000000.0 
    1087.9     1037.9      987.9      937.9      887.9      837.9      787.9      738.0      688.1      638.6      591.5 
     878.3      828.3      778.3      728.3      678.3      628.3      578.3      528.3      478.3      428.3      381.0 
     928.3     1037.9      987.8      937.4      884.9      823.4      730.4      578.3 10000000000.0      412.2      362.2 
10000000000.0 10000000000.0 10000000000.0 10000000000.0 10000000000.0 10000000000.0 10000000000.0 10000000000.0      806.0      566.0      350.0 
10000000000.0 10000000000.0 10000000000.0 10000000000.0 10000000000.0 10000000000.0 10000000000.0 10000000000.0 10000000000.0 10000000000.0      557.1 
10000000000.0 10000000000.0 10000000000.0 10000000000.0 10000000000.0 10000000000.0 10000000000.0 10000000000.0 10000000000.0 10000000000.0 10000000000.0 
10000000000.0 10000000000.0 10000000000.0 10000000000.0 10000000000.0 10000000000.0 10000000000.0 10000000000.0 10000000000.0 10000000000.0 10000000000.0 

Iteration 37: Selected grid neighbor: cell 69245, cost=578.3
Iteration 38: cell 69245 (x=115.000,y=223.000), cost=578.300, dx=0.000, dy=0.000
Iteration 38: potarr window around cell (115,223):
10000000000.0 10000000000.0 10000000000.0 10000000000.0 10000000000.0 10000000000.0 10000000000.0 10000000000.0 10000000000.0 10000000000.0 10000000000.0 
10000000000.0 10000000000.0 10000000000.0 10000000000.0 10000000000.0 10000000000.0 10000000000.0 10000000000.0 10000000000.0 10000000000.0 10000000000.0 
10000000000.0 10000000000.0 10000000000.0 10000000000.0 10000000000.0 10000000000.0 10000000000.0 10000000000.0 10000000000.0 10000000000.0 10000000000.0 
10000000000.0 10000000000.0 10000000000.0 10000000000.0 10000000000.0 10000000000.0 10000000000.0 10000000000.0 10000000000.0 10000000000.0 10000000000.0 
    1037.9      987.9      937.9      887.9      837.9      787.9      738.0      688.1      638.6      591.5      545.4 
     828.3      778.3      728.3      678.3      628.3      578.3      528.3      478.3      428.3      381.0      334.7 
    1037.9      987.8      937.4      884.9      823.4      730.4      578.3 10000000000.0      412.2      362.2      313.8 
10000000000.0 10000000000.0 10000000000.0 10000000000.0 10000000000.0 10000000000.0 10000000000.0      806.0      566.0      350.0      300.0 
10000000000.0 10000000000.0 10000000000.0 10000000000.0 10000000000.0 10000000000.0 10000000000.0 10000000000.0 10000000000.0      557.1      434.8 
10000000000.0 10000000000.0 10000000000.0 10000000000.0 10000000000.0 10000000000.0 10000000000.0 10000000000.0 10000000000.0 10000000000.0 10000000000.0 
10000000000.0 10000000000.0 10000000000.0 10000000000.0 10000000000.0 10000000000.0 10000000000.0 10000000000.0 10000000000.0 10000000000.0 10000000000.0 

Iteration 38: Selected grid neighbor: cell 69246, cost=528.3
Iteration 39: cell 69246 (x=116.000,y=223.000), cost=528.300, dx=0.000, dy=0.000
Iteration 39: potarr window around cell (116,223):
10000000000.0 10000000000.0 10000000000.0 10000000000.0 10000000000.0 10000000000.0 10000000000.0 10000000000.0 10000000000.0 10000000000.0 10000000000.0 
10000000000.0 10000000000.0 10000000000.0 10000000000.0 10000000000.0 10000000000.0 10000000000.0 10000000000.0 10000000000.0 10000000000.0 10000000000.0 
10000000000.0 10000000000.0 10000000000.0 10000000000.0 10000000000.0 10000000000.0 10000000000.0 10000000000.0 10000000000.0 10000000000.0 10000000000.0 
10000000000.0 10000000000.0 10000000000.0 10000000000.0 10000000000.0 10000000000.0 10000000000.0 10000000000.0 10000000000.0 10000000000.0 10000000000.0 
     987.9      937.9      887.9      837.9      787.9      738.0      688.1      638.6      591.5      545.4      500.2 
     778.3      728.3      678.3      628.3      578.3      528.3      478.3      428.3      381.0      334.7      289.2 
     987.8      937.4      884.9      823.4      730.4      578.3 10000000000.0      412.2      362.2      313.8      265.9 
10000000000.0 10000000000.0 10000000000.0 10000000000.0 10000000000.0 10000000000.0      806.0      566.0      350.0      300.0      250.0 
10000000000.0 10000000000.0 10000000000.0 10000000000.0 10000000000.0 10000000000.0 10000000000.0 10000000000.0      557.1      434.8      265.9 
10000000000.0 10000000000.0 10000000000.0 10000000000.0 10000000000.0 10000000000.0 10000000000.0 10000000000.0 10000000000.0 10000000000.0      407.7 
10000000000.0 10000000000.0 10000000000.0 10000000000.0 10000000000.0 10000000000.0 10000000000.0 10000000000.0 10000000000.0 10000000000.0 10000000000.0 

Iteration 39: Selected grid neighbor: cell 69247, cost=478.3
Iteration 40: cell 69247 (x=117.000,y=223.000), cost=478.300, dx=0.000, dy=0.000
Iteration 40: potarr window around cell (117,223):
10000000000.0 10000000000.0 10000000000.0 10000000000.0 10000000000.0 10000000000.0 10000000000.0 10000000000.0 10000000000.0 10000000000.0 10000000000.0 
10000000000.0 10000000000.0 10000000000.0 10000000000.0 10000000000.0 10000000000.0 10000000000.0 10000000000.0 10000000000.0 10000000000.0 10000000000.0 
10000000000.0 10000000000.0 10000000000.0 10000000000.0 10000000000.0 10000000000.0 10000000000.0 10000000000.0 10000000000.0 10000000000.0 10000000000.0 
10000000000.0 10000000000.0 10000000000.0 10000000000.0 10000000000.0 10000000000.0 10000000000.0 10000000000.0 10000000000.0 10000000000.0 10000000000.0 
     937.9      887.9      837.9      787.9      738.0      688.1      638.6      591.5      545.4      500.2      456.3 
     728.3      678.3      628.3      578.3      528.3      478.3      428.3      381.0      334.7      289.2      244.9 
     937.4      884.9      823.4      730.4      578.3 10000000000.0      412.2      362.2      313.8      265.9      218.6 
10000000000.0 10000000000.0 10000000000.0 10000000000.0 10000000000.0      806.0      566.0      350.0      300.0      250.0      200.0 
10000000000.0 10000000000.0 10000000000.0 10000000000.0 10000000000.0 10000000000.0 10000000000.0      557.1      434.8      265.9      218.6 
10000000000.0 10000000000.0 10000000000.0 10000000000.0 10000000000.0 10000000000.0 10000000000.0 10000000000.0 10000000000.0      407.7      244.9 
10000000000.0 10000000000.0 10000000000.0 10000000000.0 10000000000.0 10000000000.0 10000000000.0 10000000000.0 10000000000.0 10000000000.0      393.5 

Iteration 40: Selected grid neighbor: cell 69558, cost=412.2
Iteration 41: cell 69558 (x=118.000,y=224.000), cost=412.211, dx=0.000, dy=0.000
Iteration 41: potarr window around cell (118,224):
10000000000.0 10000000000.0 10000000000.0 10000000000.0 10000000000.0 10000000000.0 10000000000.0 10000000000.0 10000000000.0 10000000000.0 10000000000.0 
10000000000.0 10000000000.0 10000000000.0 10000000000.0 10000000000.0 10000000000.0 10000000000.0 10000000000.0 10000000000.0 10000000000.0 10000000000.0 
10000000000.0 10000000000.0 10000000000.0 10000000000.0 10000000000.0 10000000000.0 10000000000.0 10000000000.0 10000000000.0 10000000000.0 10000000000.0 
     887.9      837.9      787.9      738.0      688.1      638.6      591.5      545.4      500.2      456.3      414.4 
     678.3      628.3      578.3      528.3      478.3      428.3      381.0      334.7      289.2      244.9      202.4 
     884.9      823.4      730.4      578.3 10000000000.0      412.2      362.2      313.8      265.9      218.6      172.1 
10000000000.0 10000000000.0 10000000000.0 10000000000.0      806.0      566.0      350.0      300.0      250.0      200.0      150.0 
10000000000.0 10000000000.0 10000000000.0 10000000000.0 10000000000.0 10000000000.0      557.1      434.8      265.9      218.6      172.1 
10000000000.0 10000000000.0 10000000000.0 10000000000.0 10000000000.0 10000000000.0 10000000000.0 10000000000.0      407.7      244.9      202.4 
10000000000.0 10000000000.0 10000000000.0 10000000000.0 10000000000.0 10000000000.0 10000000000.0 10000000000.0 10000000000.0      393.5      237.6 
10000000000.0 10000000000.0 10000000000.0 10000000000.0 10000000000.0 10000000000.0 10000000000.0 10000000000.0 10000000000.0 10000000000.0      393.5 

Iteration 41: Selected grid neighbor: cell 69869, cost=350.0
Iteration 42: cell 69869 (x=119.000,y=225.000), cost=350.000, dx=0.000, dy=0.000
Iteration 42: potarr window around cell (119,225):
10000000000.0 10000000000.0 10000000000.0 10000000000.0 10000000000.0 10000000000.0 10000000000.0 10000000000.0 10000000000.0 10000000000.0 10000000000.0 
10000000000.0 10000000000.0 10000000000.0 10000000000.0 10000000000.0 10000000000.0 10000000000.0 10000000000.0 10000000000.0 10000000000.0 10000000000.0 
     837.9      787.9      738.0      688.1      638.6      591.5      545.4      500.2      456.3      414.4      375.4 
     628.3      578.3      528.3      478.3      428.3      381.0      334.7      289.2      244.9      202.4      162.4 
     823.4      730.4      578.3 10000000000.0      412.2      362.2      313.8      265.9      218.6      172.1      127.2 
10000000000.0 10000000000.0 10000000000.0      806.0      566.0      350.0      300.0      250.0      200.0      150.0      100.0 
10000000000.0 10000000000.0 10000000000.0 10000000000.0 10000000000.0      557.1      434.8      265.9      218.6      172.1      127.2 
10000000000.0 10000000000.0 10000000000.0 10000000000.0 10000000000.0 10000000000.0 10000000000.0      407.7      244.9      202.4      162.4 
10000000000.0 10000000000.0 10000000000.0 10000000000.0 10000000000.0 10000000000.0 10000000000.0 10000000000.0      393.5      237.6      202.4 
10000000000.0 10000000000.0 10000000000.0 10000000000.0 10000000000.0 10000000000.0 10000000000.0 10000000000.0 10000000000.0      393.5      244.9 
10000000000.0 10000000000.0 10000000000.0 10000000000.0 10000000000.0 10000000000.0 10000000000.0 10000000000.0 10000000000.0 10000000000.0      407.7 

Iteration 42: Selected grid neighbor: cell 69870, cost=300.0
Iteration 43: cell 69870 (x=120.000,y=225.000), cost=300.000, dx=0.000, dy=0.000
Iteration 43: potarr window around cell (120,225):
10000000000.0 10000000000.0 10000000000.0 10000000000.0 10000000000.0 10000000000.0 10000000000.0 10000000000.0 10000000000.0 10000000000.0 10000000000.0 
10000000000.0 10000000000.0 10000000000.0 10000000000.0 10000000000.0 10000000000.0 10000000000.0 10000000000.0 10000000000.0 10000000000.0 10000000000.0 
     787.9      738.0      688.1      638.6      591.5      545.4      500.2      456.3      414.4      375.4      341.5 
     578.3      528.3      478.3      428.3      381.0      334.7      289.2      244.9      202.4      162.4      127.2 
     730.4      578.3 10000000000.0      412.2      362.2      313.8      265.9      218.6      172.1      127.2       85.2 
10000000000.0 10000000000.0      806.0      566.0      350.0      300.0      250.0      200.0      150.0      100.0       50.0 
10000000000.0 10000000000.0 10000000000.0 10000000000.0      557.1      434.8      265.9      218.6      172.1      127.2       85.2 
10000000000.0 10000000000.0 10000000000.0 10000000000.0 10000000000.0 10000000000.0      407.7      244.9      202.4      162.4      127.2 
10000000000.0 10000000000.0 10000000000.0 10000000000.0 10000000000.0 10000000000.0 10000000000.0      393.5      237.6      202.4      172.1 
10000000000.0 10000000000.0 10000000000.0 10000000000.0 10000000000.0 10000000000.0 10000000000.0 10000000000.0      393.5      244.9      218.6 
10000000000.0 10000000000.0 10000000000.0 10000000000.0 10000000000.0 10000000000.0 10000000000.0 10000000000.0 10000000000.0      407.7      265.9 

Iteration 43: Selected grid neighbor: cell 69871, cost=250.0
Iteration 44: cell 69871 (x=121.000,y=225.000), cost=250.000, dx=0.000, dy=0.000
Iteration 44: potarr window around cell (121,225):
10000000000.0 10000000000.0 10000000000.0 10000000000.0 10000000000.0 10000000000.0 10000000000.0 10000000000.0 10000000000.0 10000000000.0 10000000000.0 
10000000000.0 10000000000.0 10000000000.0 10000000000.0 10000000000.0 10000000000.0 10000000000.0 10000000000.0 10000000000.0 10000000000.0 10000000000.0 
     738.0      688.1      638.6      591.5      545.4      500.2      456.3      414.4      375.4      341.5      316.0 
     528.3      478.3      428.3      381.0      334.7      289.2      244.9      202.4      162.4      127.2      100.0 
     578.3 10000000000.0      412.2      362.2      313.8      265.9      218.6      172.1      127.2       85.2       50.0 
10000000000.0      806.0      566.0      350.0      300.0      250.0      200.0      150.0      100.0       50.0        0.0 
10000000000.0 10000000000.0 10000000000.0      557.1      434.8      265.9      218.6      172.1      127.2       85.2       50.0 
10000000000.0 10000000000.0 10000000000.0 10000000000.0 10000000000.0      407.7      244.9      202.4      162.4      127.2      100.0 
10000000000.0 10000000000.0 10000000000.0 10000000000.0 10000000000.0 10000000000.0      393.5      237.6      202.4      172.1      150.0 
10000000000.0 10000000000.0 10000000000.0 10000000000.0 10000000000.0 10000000000.0 10000000000.0      393.5      244.9      218.6      200.0 
10000000000.0 10000000000.0 10000000000.0 10000000000.0 10000000000.0 10000000000.0 10000000000.0 10000000000.0      407.7      265.9      250.0 

Iteration 44: Selected grid neighbor: cell 69872, cost=200.0
Iteration 45: cell 69872 (x=122.000,y=225.000), cost=200.000, dx=0.000, dy=0.000
Iteration 45: potarr window around cell (122,225):
10000000000.0 10000000000.0 10000000000.0 10000000000.0 10000000000.0 10000000000.0 10000000000.0 10000000000.0 10000000000.0 10000000000.0 10000000000.0 
10000000000.0 10000000000.0 10000000000.0 10000000000.0 10000000000.0 10000000000.0 10000000000.0 10000000000.0 10000000000.0 10000000000.0 10000000000.0 
     688.1      638.6      591.5      545.4      500.2      456.3      414.4      375.4      341.5      316.0      341.5 
     478.3      428.3      381.0      334.7      289.2      244.9      202.4      162.4      127.2      100.0      127.2 
10000000000.0      412.2      362.2      313.8      265.9      218.6      172.1      127.2       85.2       50.0       85.2 
     806.0      566.0      350.0      300.0      250.0      200.0      150.0      100.0       50.0        0.0       50.0 
10000000000.0 10000000000.0      557.1      434.8      265.9      218.6      172.1      127.2       85.2       50.0       85.2 
10000000000.0 10000000000.0 10000000000.0 10000000000.0      407.7      244.9      202.4      162.4      127.2      100.0      127.2 
10000000000.0 10000000000.0 10000000000.0 10000000000.0 10000000000.0      393.5      237.6      202.4      172.1      150.0      172.1 
10000000000.0 10000000000.0 10000000000.0 10000000000.0 10000000000.0 10000000000.0      393.5      244.9      218.6      200.0      218.6 
10000000000.0 10000000000.0 10000000000.0 10000000000.0 10000000000.0 10000000000.0 10000000000.0      407.7      265.9      250.0 10000000000.0 

Iteration 45: Selected grid neighbor: cell 69873, cost=150.0
Iteration 46: cell 69873 (x=123.000,y=225.000), cost=150.000, dx=0.000, dy=0.000
Iteration 46: potarr window around cell (123,225):
10000000000.0 10000000000.0 10000000000.0 10000000000.0 10000000000.0 10000000000.0 10000000000.0 10000000000.0 10000000000.0 10000000000.0 10000000000.0 
10000000000.0 10000000000.0 10000000000.0 10000000000.0 10000000000.0 10000000000.0 10000000000.0 10000000000.0 10000000000.0 10000000000.0 10000000000.0 
     638.6      591.5      545.4      500.2      456.3      414.4      375.4      341.5      316.0      341.5 10000000000.0 
     428.3      381.0      334.7      289.2      244.9      202.4      162.4      127.2      100.0      127.2      162.4 
     412.2      362.2      313.8      265.9      218.6      172.1      127.2       85.2       50.0       85.2      127.2 
     566.0      350.0      300.0      250.0      200.0      150.0      100.0       50.0        0.0       50.0      100.0 
10000000000.0      557.1      434.8      265.9      218.6      172.1      127.2       85.2       50.0       85.2      127.2 
10000000000.0 10000000000.0 10000000000.0      407.7      244.9      202.4      162.4      127.2      100.0      127.2      162.4 
10000000000.0 10000000000.0 10000000000.0 10000000000.0      393.5      237.6      202.4      172.1      150.0      172.1 10000000000.0 
10000000000.0 10000000000.0 10000000000.0 10000000000.0 10000000000.0      393.5      244.9      218.6      200.0      218.6 10000000000.0 
10000000000.0 10000000000.0 10000000000.0 10000000000.0 10000000000.0 10000000000.0      407.7      265.9      250.0 10000000000.0 10000000000.0 

Iteration 46: Selected grid neighbor: cell 69874, cost=100.0
Iteration 47: cell 69874 (x=124.000,y=225.000), cost=100.000, dx=0.000, dy=0.000
Iteration 47: potarr window around cell (124,225):
10000000000.0 10000000000.0 10000000000.0 10000000000.0 10000000000.0 10000000000.0 10000000000.0 10000000000.0 10000000000.0 10000000000.0 10000000000.0 
10000000000.0 10000000000.0 10000000000.0 10000000000.0 10000000000.0 10000000000.0 10000000000.0 10000000000.0 10000000000.0 10000000000.0 10000000000.0 
     591.5      545.4      500.2      456.3      414.4      375.4      341.5      316.0      341.5 10000000000.0 10000000000.0 
     381.0      334.7      289.2      244.9      202.4      162.4      127.2      100.0      127.2      162.4 10000000000.0 
     362.2      313.8      265.9      218.6      172.1      127.2       85.2       50.0       85.2      127.2 10000000000.0 
     350.0      300.0      250.0      200.0      150.0      100.0       50.0        0.0       50.0      100.0      150.0 
     557.1      434.8      265.9      218.6      172.1      127.2       85.2       50.0       85.2      127.2 10000000000.0 
10000000000.0 10000000000.0      407.7      244.9      202.4      162.4      127.2      100.0      127.2      162.4 10000000000.0 
10000000000.0 10000000000.0 10000000000.0      393.5      237.6      202.4      172.1      150.0      172.1 10000000000.0 10000000000.0 
10000000000.0 10000000000.0 10000000000.0 10000000000.0      393.5      244.9      218.6      200.0      218.6 10000000000.0 10000000000.0 
10000000000.0 10000000000.0 10000000000.0 10000000000.0 10000000000.0      407.7      265.9      250.0 10000000000.0 10000000000.0 10000000000.0 

Iteration 47: Selected grid neighbor: cell 69875, cost=50.0
Iteration 48: cell 69875 (x=125.000,y=225.000), cost=50.000, dx=0.000, dy=0.000
Iteration 48: potarr window around cell (125,225):
10000000000.0 10000000000.0 10000000000.0 10000000000.0 10000000000.0 10000000000.0 10000000000.0 10000000000.0 10000000000.0 10000000000.0 10000000000.0 
10000000000.0 10000000000.0 10000000000.0 10000000000.0 10000000000.0 10000000000.0 10000000000.0 10000000000.0 10000000000.0 10000000000.0 10000000000.0 
     545.4      500.2      456.3      414.4      375.4      341.5      316.0      341.5 10000000000.0 10000000000.0 10000000000.0 
     334.7      289.2      244.9      202.4      162.4      127.2      100.0      127.2      162.4 10000000000.0 10000000000.0 
     313.8      265.9      218.6      172.1      127.2       85.2       50.0       85.2      127.2 10000000000.0 10000000000.0 
     300.0      250.0      200.0      150.0      100.0       50.0        0.0       50.0      100.0      150.0 10000000000.0 
     434.8      265.9      218.6      172.1      127.2       85.2       50.0       85.2      127.2 10000000000.0 10000000000.0 
10000000000.0      407.7      244.9      202.4      162.4      127.2      100.0      127.2      162.4 10000000000.0 10000000000.0 
10000000000.0 10000000000.0      393.5      237.6      202.4      172.1      150.0      172.1 10000000000.0 10000000000.0 10000000000.0 
10000000000.0 10000000000.0 10000000000.0      393.5      244.9      218.6      200.0      218.6 10000000000.0 10000000000.0 10000000000.0 
10000000000.0 10000000000.0 10000000000.0 10000000000.0      407.7      265.9      250.0 10000000000.0 10000000000.0 10000000000.0 10000000000.0 

Iteration 48: Selected grid neighbor: cell 69876, cost=0.0
Iteration 49: reached near goal at cell 69876, cost=0.0
